<?xml version="1.0" encoding="UTF-8"?>
<!-- Generated by org.testng.reporters.JUnitReportReporter -->
<testsuite hostname="Lakshmis-MacBook-Air.local" failures="0" tests="1" name="Pagetest.Logintest" time="15.204" errors="0" timestamp="2024-02-29T16:43:04 IST" skipped="0">
  <testcase classname="Pagetest.Logintest" name="logintest" time="15.204"/>
  <system-out/>
</testsuite> <!-- Pagetest.Logintest -->
